2024-08-09 12:08:33 Loading main app package /usr/lib/obsidian/obsidian.asar
2024-08-09 12:08:34 Checking for update using Github
2024-08-09 12:08:34 Success.
2024-08-09 12:08:34 Latest version is 1.6.7
2024-08-09 12:08:34 App is up to date.
2024-08-09 12:12:03 Loading main app package /usr/lib/obsidian/obsidian.asar
2024-08-09 12:12:04 Checking for update using Github
2024-08-09 12:12:04 Success.
2024-08-09 12:12:04 Latest version is 1.6.7
2024-08-09 12:12:04 App is up to date.
2024-08-09 12:22:55 Loading main app package /usr/lib/obsidian/obsidian.asar
2024-08-09 12:22:55 Checking for update using Github
2024-08-09 12:22:56 Success.
2024-08-09 12:22:56 Latest version is 1.6.7
2024-08-09 12:22:56 App is up to date.
2024-08-10 18:31:42 Loading main app package /usr/lib/obsidian/obsidian.asar
2024-08-10 18:31:45 Checking for update using Github
2024-08-10 18:31:45 Success.
2024-08-10 18:31:45 Latest version is 1.6.7
2024-08-10 18:31:45 App is up to date.
2024-08-11 08:28:41 Loading main app package /usr/lib/obsidian/obsidian.asar
2024-08-11 08:28:41 Checking for update using Github
2024-08-11 08:28:42 Success.
2024-08-11 08:28:42 Latest version is 1.6.7
2024-08-11 08:28:42 App is up to date.
2024-08-11 08:32:07 Loading main app package /usr/lib/obsidian/obsidian.asar
2024-08-11 08:32:07 Checking for update using Github
2024-08-11 08:32:08 Success.
2024-08-11 08:32:08 Latest version is 1.6.7
2024-08-11 08:32:08 App is up to date.
2024-08-11 08:37:20 Loading main app package /usr/lib/obsidian/obsidian.asar
2024-08-11 08:37:20 Checking for update using Github
2024-08-11 08:37:20 Success.
2024-08-11 08:37:20 Latest version is 1.6.7
2024-08-11 08:37:20 App is up to date.
2024-08-12 07:10:35 Loading main app package /usr/lib/obsidian/obsidian.asar
2024-08-12 07:10:35 Checking for update using Github
2024-08-12 07:10:35 Success.
2024-08-12 07:10:35 Latest version is 1.6.7
2024-08-12 07:10:35 App is up to date.
2024-08-12 07:13:42 Loading main app package /usr/lib/obsidian/obsidian.asar
2024-08-12 07:13:42 Checking for update using Github
2024-08-12 07:13:42 Success.
2024-08-12 07:13:42 Latest version is 1.6.7
2024-08-12 07:13:42 App is up to date.
2024-08-12 07:21:31 Loading main app package /usr/lib/obsidian/obsidian.asar
2024-08-12 07:21:31 Checking for update using Github
2024-08-12 07:21:31 Success.
2024-08-12 07:21:31 Latest version is 1.6.7
2024-08-12 07:21:31 App is up to date.
2024-08-12 07:21:59 Loading main app package /usr/lib/obsidian/obsidian.asar
2024-08-12 07:21:59 Checking for update using Github
2024-08-12 07:22:00 Success.
2024-08-12 07:22:00 Latest version is 1.6.7
2024-08-12 07:22:00 App is up to date.
2024-08-12 07:24:00 Loading main app package /usr/lib/obsidian/obsidian.asar
2024-08-12 07:24:00 Checking for update using Github
2024-08-12 07:24:00 Success.
2024-08-12 07:24:00 Latest version is 1.6.7
2024-08-12 07:24:00 App is up to date.
2024-08-12 07:25:00 Loading main app package /usr/lib/obsidian/obsidian.asar
2024-08-12 07:25:00 Checking for update using Github
2024-08-12 07:25:00 Success.
2024-08-12 07:25:00 Latest version is 1.6.7
2024-08-12 07:25:00 App is up to date.
2024-08-12 07:26:26 Loading main app package /usr/lib/obsidian/obsidian.asar
2024-08-12 07:26:26 Checking for update using Github
2024-08-12 07:26:26 Success.
2024-08-12 07:26:26 Latest version is 1.6.7
2024-08-12 07:26:26 App is up to date.
2024-08-12 07:27:00 Loading main app package /usr/lib/obsidian/obsidian.asar
2024-08-12 07:27:00 Checking for update using Github
2024-08-12 07:27:00 Success.
2024-08-12 07:27:00 Latest version is 1.6.7
2024-08-12 07:27:00 App is up to date.
2024-08-12 07:28:36 Loading main app package /usr/lib/obsidian/obsidian.asar
2024-08-12 07:28:36 Checking for update using Github
2024-08-12 07:28:36 Success.
2024-08-12 07:28:36 Latest version is 1.6.7
2024-08-12 07:28:36 App is up to date.
2024-08-12 07:32:12 Loading main app package /usr/lib/obsidian/obsidian.asar
2024-08-12 07:32:12 Checking for update using Github
2024-08-12 07:32:12 Success.
2024-08-12 07:32:12 Latest version is 1.6.7
2024-08-12 07:32:12 App is up to date.
2024-08-12 07:35:25 Loading main app package /usr/lib/obsidian/obsidian.asar
2024-08-12 07:35:25 Checking for update using Github
2024-08-12 07:35:25 Success.
2024-08-12 07:35:25 Latest version is 1.6.7
2024-08-12 07:35:25 App is up to date.
2024-08-12 08:29:17 Loading main app package /usr/lib/obsidian/obsidian.asar
2024-08-12 08:29:17 Checking for update using Github
2024-08-12 08:29:17 Success.
2024-08-12 08:29:17 Latest version is 1.6.7
2024-08-12 08:29:17 App is up to date.
2024-08-12 08:54:09 Loading main app package /usr/lib/obsidian/obsidian.asar
2024-08-12 08:54:09 Checking for update using Github
2024-08-12 08:54:09 Success.
2024-08-12 08:54:09 Latest version is 1.6.7
2024-08-12 08:54:09 App is up to date.
2024-08-12 09:34:57 Loading main app package /usr/lib/obsidian/obsidian.asar
2024-08-12 09:34:57 Checking for update using Github
2024-08-12 09:34:57 Success.
2024-08-12 09:34:57 Latest version is 1.6.7
2024-08-12 09:34:57 App is up to date.
2024-08-12 19:12:36 Loading main app package /usr/lib/obsidian/obsidian.asar
2024-08-12 19:12:36 Checking for update using Github
2024-08-12 19:12:36 Success.
2024-08-12 19:12:36 Latest version is 1.6.7
2024-08-12 19:12:36 App is up to date.
2024-08-12 20:12:36 Checking for update using Github
2024-08-12 20:12:36 Success.
2024-08-12 20:12:36 Latest version is 1.6.7
2024-08-12 20:12:36 App is up to date.
